{
  "RSpec": {
    "coverage": {
      "/root/cs3300iterationrepo/app/controllers/recipes_controller.rb": {
        "lines": [
          1,
          1,
          1,
          null,
          null,
          1,
          6,
          null,
          null,
          null,
          1,
          null,
          null,
          null,
          1,
          6,
          null,
          null,
          null,
          1,
          null,
          null,
          null,
          1,
          6,
          null,
          6,
          6,
          2,
          1,
          null,
          10,
          5,
          null,
          null,
          null,
          null,
          null,
          1,
          7,
          7,
          2,
          1,
          null,
          12,
          6,
          null,
          null,
          null,
          null,
          null,
          1,
          0,
          null,
          0,
          0,
          0,
          null,
          null,
          null,
          1,
          null,
          1,
          16,
          null,
          null,
          null,
          1,
          13,
          null,
          null
        ]
      },
      "/root/cs3300iterationrepo/app/controllers/application_controller.rb": {
        "lines": [
          1,
          null
        ]
      },
      "/root/cs3300iterationrepo/app/models/recipe.rb": {
        "lines": [
          1,
          1,
          null
        ]
      },
      "/root/cs3300iterationrepo/app/channels/application_cable/channel.rb": {
        "lines": [
          0,
          0,
          0,
          0
        ],
        "branches": {
        }
      },
      "/root/cs3300iterationrepo/app/channels/application_cable/connection.rb": {
        "lines": [
          0,
          0,
          0,
          0
        ],
        "branches": {
        }
      },
      "/root/cs3300iterationrepo/app/helpers/application_helper.rb": {
        "lines": [
          0,
          0
        ],
        "branches": {
        }
      },
      "/root/cs3300iterationrepo/app/helpers/recipes_helper.rb": {
        "lines": [
          0,
          0
        ],
        "branches": {
        }
      },
      "/root/cs3300iterationrepo/app/jobs/application_job.rb": {
        "lines": [
          0,
          null,
          null,
          null,
          null,
          null,
          0
        ],
        "branches": {
        }
      },
      "/root/cs3300iterationrepo/app/mailers/application_mailer.rb": {
        "lines": [
          0,
          0,
          0,
          0
        ],
        "branches": {
        }
      },
      "/root/cs3300iterationrepo/app/models/application_record.rb": {
        "lines": [
          0,
          0,
          0
        ],
        "branches": {
        }
      },
      "/root/cs3300iterationrepo/app/models/user.rb": {
        "lines": [
          0,
          null,
          null,
          0,
          0,
          0
        ],
        "branches": {
        }
      }
    },
    "timestamp": 1682559270
  }
}
